C51 COMPILER V9.54   CHAOSHENGBO                                                           02/16/2025 11:23:51 PAGE 1   


C51 COMPILER V9.54, COMPILATION OF MODULE CHAOSHENGBO
OBJECT MODULE PLACED IN .\Objects\chaoshengbo.obj
COMPILER INVOKED BY: E:\C51\BIN\C51.EXE chaoshengbo.c OPTIMIZE(8,SPEED) BROWSE DEBUG OBJECTEXTEND PRINT(.\Listings\chaos
                    -hengbo.lst) TABS(2) OBJECT(.\Objects\chaoshengbo.obj)

line level    source

   1          #include "intrins.h"//需要用到_nop_()
   2          #include "iic.h"
   3          #include "onewire.h"
   4          sbit TX=P1^0;
   5          sbit RX=P1^1;
   6          
   7          unsigned int distance=0;
   8          void delay12us()            //@12.000MHz 延时12us
   9          {
  10   1        unsigned char i;
  11   1        _nop_();
  12   1        _nop_();
  13   1        i = 33;
  14   1        while (--i);
  15   1      }
  16          void Send_wave()              //产生8个40KHx超声波信号
  17          {
  18   1        unsigned char i;
  19   1        for(i = 0; i < 8; i++)
  20   1        {
  21   2          TX = 1;
  22   2          delay12us();  
  23   2          TX = 0;
  24   2          delay12us();
  25   2        }
  26   1      }
  27          unsigned int  Measure_Distance()         //超声波测距
  28          {
  29   1        unsigned int time = 0;
  30   1        TMOD &= 0x0f;             //定时器1模式0，13位，最大8192个计数脉冲          
  31   1        TH1 = 0x00;                   
  32   1        TL1 = 0x00;   
  33   1        
  34   1        Send_wave();            //发送超声波信号              
  35   1        TR1 = 1;            //启动定时器            
  36   1        while((RX == 1) && (TF1 == 0));    //等待超声波信号返回或者等到测量超出范围
  37   1        TR1 = 0;            //停止定时器        
  38   1        if(TF1 == 0)              //正常测量范围              
  39   1        {
  40   2          time = TH1;                 
  41   2          time = (time << 8) | TL1;   
  42   2          distance = ((time / 10) * 17) / 100 + 3;
  43   2        }
  44   1        else                        //超出测量范围      
  45   1        {
  46   2          TF1 = 0;
  47   2          distance = 999;
  48   2        }
  49   1        return distance;
  50   1      }
  51          //distance就是测量出的距离，当超过测量范围的时候，distance=999


MODULE INFORMATION:   STATIC OVERLAYABLE
C51 COMPILER V9.54   CHAOSHENGBO                                                           02/16/2025 11:23:51 PAGE 2   

   CODE SIZE        =    105    ----
   CONSTANT SIZE    =   ----    ----
   XDATA SIZE       =   ----    ----
   PDATA SIZE       =   ----    ----
   DATA SIZE        =      2    ----
   IDATA SIZE       =   ----    ----
   BIT SIZE         =   ----    ----
END OF MODULE INFORMATION.


C51 COMPILATION COMPLETE.  0 WARNING(S),  0 ERROR(S)
