C51 COMPILER V9.54   DS1302                                                                02/17/2025 21:16:49 PAGE 1   


C51 COMPILER V9.54, COMPILATION OF MODULE DS1302
OBJECT MODULE PLACED IN .\Objects\ds1302.obj
COMPILER INVOKED BY: E:\C51\BIN\C51.EXE ds1302.c OPTIMIZE(8,SPEED) BROWSE DEBUG OBJECTEXTEND PRINT(.\Listings\ds1302.lst
                    -) TABS(2) OBJECT(.\Objects\ds1302.obj)

line level    source

   1          /*  #   DS1302ä»£ç ç‰‡æ®µè¯´æ˜
   2            1.  æœ¬æ–‡ä»¶å¤¹ä¸­æä¾›çš„é©±åŠ¨ä»£ç ä¾›å‚èµ›é€‰æ‰‹å®Œæˆç¨‹åºè®¾è®¡å‚è€ƒã€‚
   3            2.  å‚èµ›é€‰æ‰‹å¯ä»¥è‡ªè¡Œç¼–å†™ç›¸å…³ä»£ç æˆ–ä»¥è¯¥ä»£ç ä¸ºåŸºç¡€ï¼Œæ ¹æ®æ‰€é€‰å•ç‰‡æœºç±»å‹ã€è¿
             -è¡Œé€Ÿåº¦å’Œè¯•é¢˜
   4              ä¸­å¯¹å•ç‰‡æœºæ—¶é’Ÿé¢‘ç‡çš„è¦æ±‚ï¼Œè¿›è¡Œä»£ç è°ƒè¯•å’Œä¿®æ”¹ã€‚
   5          */                
   6          
   7          //
   8          #include <stc15f2k60s2.h>
   9          #include <intrins.h>
  10          #include <iic.h>
  11          #include <onewire.h>
  12          sbit SCK=P1^7;
  13          sbit SDA=P2^3;
  14          sbit RST=P1^3;
  15          void Write_Ds1302(unsigned  char temp) 
  16          {
  17   1        unsigned char i;
  18   1        for (i=0;i<8;i++)       
  19   1        { 
  20   2          SCK = 0;
  21   2          SDA = temp&0x01;
  22   2          temp>>=1; 
  23   2          SCK=1;
  24   2        }
  25   1      }   
  26          
  27          //
  28          void Write_Ds1302_Byte( unsigned char address,unsigned char dat )     
  29          {
  30   1        RST=0;  _nop_();
  31   1        SCK=0;  _nop_();
  32   1        RST=1;  _nop_();  
  33   1        Write_Ds1302(address);  
  34   1        Write_Ds1302(dat);    
  35   1        RST=0; 
  36   1      }
  37          
  38          //
  39          unsigned char Read_Ds1302_Byte ( unsigned char address )
  40          {
  41   1        unsigned char i,temp=0x00;
  42   1        RST=0;  _nop_();
  43   1        SCK=0;  _nop_();
  44   1        RST=1;  _nop_();
  45   1        Write_Ds1302(address);
  46   1        for (i=0;i<8;i++)   
  47   1        {   
  48   2          SCK=0;
  49   2          temp>>=1; 
  50   2          if(SDA)
  51   2          temp|=0x80; 
  52   2          SCK=1;
  53   2        } 
C51 COMPILER V9.54   DS1302                                                                02/17/2025 21:16:49 PAGE 2   

  54   1        RST=0;  _nop_();
  55   1        SCK=0;  _nop_();
  56   1        SCK=1;  _nop_();
  57   1        SDA=0;  _nop_();
  58   1        SDA=1;  _nop_();
  59   1        return (temp);      
  60   1      }
  61          
  62          
  63          
  64          
  65          void DS1302_Write_Rtc(unsigned char *pRtc)
  66          {
  67   1          unsigned char i = 0;            //å¾ªç¯ä¸“ç”¨å˜é‡
  68   1          unsigned char temp = 0x00;      //å†™å…¥ä¸­é—´å˜é‡
  69   1          Write_Ds1302_Byte(0x8e, 0x00);  //å…³é—­å†™ä¿æŠ¤
  70   1          for(i = 0; i < 3; i++)
  71   1          {
  72   2              temp = ((pRtc[i]/10) << 4) | (pRtc[i] % 10);//è½¬åŒ–ä¸º16è¿›åˆ¶
  73   2              Write_Ds1302_Byte(0x84 - 2*i, temp);//å†™å…¥æ—¶é’Ÿ
  74   2          }
  75   1          Write_Ds1302_Byte(0x8e, 0x80);  //å¼€å¯å†™ä¿æŠ¤
  76   1      }
  77          //
  78          
  79          
  80          
  81          void DS1302_Read_Rtc(unsigned char *pRtc)
  82          {
  83   1      unsigned char i = 0;            //å¾ªç¯ä¸“ç”¨å˜é‡
  84   1      for(i = 0; i < 3; i++)
  85   1      pRtc[i] = (Read_Ds1302_Byte(0x85-2*i)/16*10) + (Read_Ds1302_Byte(0x85-2*i)%16);//è¯»å–æ—¶é—´ï¼Œè½¬åŒ–ä¸º1
             -0è¿›åˆ¶   
  86   1      
  87   1      }


MODULE INFORMATION:   STATIC OVERLAYABLE
   CODE SIZE        =    229    ----
   CONSTANT SIZE    =   ----    ----
   XDATA SIZE       =   ----    ----
   PDATA SIZE       =   ----    ----
   DATA SIZE        =   ----       7
   IDATA SIZE       =   ----    ----
   BIT SIZE         =   ----    ----
END OF MODULE INFORMATION.


C51 COMPILATION COMPLETE.  0 WARNING(S),  0 ERROR(S)
