C51 COMPILER V9.54   INIT                                                                  02/17/2025 21:53:29 PAGE 1   


C51 COMPILER V9.54, COMPILATION OF MODULE INIT
OBJECT MODULE PLACED IN .\Objects\Init.obj
COMPILER INVOKED BY: E:\C51\BIN\C51.EXE Init.c OPTIMIZE(8,SPEED) BROWSE DEBUG OBJECTEXTEND PRINT(.\Listings\Init.lst) TA
                    -BS(2) OBJECT(.\Objects\Init.obj)

line level    source

   1          #include <stc15f2k60s2.h>
   2          #include "Init.h"
   3           #include <intrins.h>
   4           
   5          void System_Init()
   6          {
   7   1          P0 = 0x00;              //رշ
   8   1          P2 = P2 & 0x1f | 0xa0;
   9   1          P2 &= 0x1f;
  10   1          //Latch濪أP2λ1ȷP0ڵ
  11   1          P0 = 0xff;              //رշ
  12   1          P2 = P2 & 0x1f | 0x80;
  13   1          P2 &= 0x1f;
  14   1      }
  15           
  16           //P2 & 0x1f0x1f ĶƱʾ 0001 1111P2 & 0x1f Ὣ P2 ˿ڵĸλP2.7P2.6P2.5
             -㣬
  17          //ֻλĿ֮ǰܴڵѡźţԵǰš
  18          //(P2 & 0x1f) | 0x800x80 ĶƱʾ 1000 0000
  19          //ǰ P2 & 0x1f Ľ 0x80 аλ㣬 P2 ˿ڵλP2.7Ϊ 1λֲ䡣
  20          //Ӳ·Уֲͨѡضѡ Y4C ѡ Y4C P0 ˿ڵ
             -ݾͿԴ䵽 Y4C  LED ƶ˿ڡ
  21           
  22          
  23          void Delay12us() {
  24   1          unsigned char i;
  25   1          _nop_();
  26   1          _nop_();
  27   1          i = 33;
  28   1          while (--i);
  29   1      }


MODULE INFORMATION:   STATIC OVERLAYABLE
   CODE SIZE        =     36    ----
   CONSTANT SIZE    =   ----    ----
   XDATA SIZE       =   ----    ----
   PDATA SIZE       =   ----    ----
   DATA SIZE        =   ----    ----
   IDATA SIZE       =   ----    ----
   BIT SIZE         =   ----    ----
END OF MODULE INFORMATION.


C51 COMPILATION COMPLETE.  0 WARNING(S),  0 ERROR(S)
