C51 COMPILER V9.54   KEY                                                                   02/03/2025 22:37:59 PAGE 1   


C51 COMPILER V9.54, COMPILATION OF MODULE KEY
OBJECT MODULE PLACED IN .\Objects\Key.obj
COMPILER INVOKED BY: E:\C51\BIN\C51.EXE Key.c OPTIMIZE(8,SPEED) BROWSE DEBUG OBJECTEXTEND PRINT(.\Listings\Key.lst) TABS
                    -(2) OBJECT(.\Objects\Key.obj)

line level    source

   1          #include <stc15f2k60s2.h>
   2          
   3          #include "Key.h"
   4           
   5          /* ¾ØÕó°´¼üKBD */
   6          unsigned char Key_Read()
   7          {
   8   1          unsigned char temp = 0;
   9   1          ET0 = 0;
  10   1          P34 = 0; P35 = 1; P42 = 1; P44 = 1;
  11   1          if (P30 == 0) temp = 3;
  12   1          if (P31 == 0) temp = 6;
  13   1          if (P32 == 0) temp = 9;
  14   1          if (P33 == 0) temp = 12;
  15   1          P34 = 1; P35 = 0; P42 = 1; P44 = 1;
  16   1          if (P30 == 0) temp = 2;
  17   1          if (P31 == 0) temp = 5;
  18   1          if (P32 == 0) temp = 8;
  19   1          if (P33 == 0) temp = 11;
  20   1          P34 = 1; P35 = 1; P42 = 0; P44 = 1;
  21   1          if (P30 == 0) temp = 1;
  22   1          if (P31 == 0) temp = 4;
  23   1          if (P32 == 0) temp = 7;
  24   1          if (P33 == 0) temp = 10;
  25   1          P34 = 1; P35 = 1; P42 = 1; P44 = 0;
  26   1          if (P30 == 0) temp = 7;
  27   1          if (P31 == 0) temp = 6;
  28   1          if (P32 == 0) temp = 5;
  29   1          if (P33 == 0) temp = 4;
  30   1          P3 = 0xff;
  31   1          ET0 = 1;
  32   1          return temp;
  33   1      }
  34           
  35          /* ¶ÀÁ¢°´¼üBTN */
  36          /*
  37          unsigned char Key_Read()
  38          {
  39              unsigned char temp = 0;
  40              if (P30 == 0) temp = 7;
  41              if (P31 == 0) temp = 6;
  42              if (P32 == 0) temp = 5;
  43              if (P33 == 0) temp = 4;
  44              return temp;
  45          }
  46          */


MODULE INFORMATION:   STATIC OVERLAYABLE
   CODE SIZE        =    122    ----
   CONSTANT SIZE    =   ----    ----
   XDATA SIZE       =   ----    ----
   PDATA SIZE       =   ----    ----
   DATA SIZE        =   ----    ----
C51 COMPILER V9.54   KEY                                                                   02/03/2025 22:37:59 PAGE 2   

   IDATA SIZE       =   ----    ----
   BIT SIZE         =   ----    ----
END OF MODULE INFORMATION.


C51 COMPILATION COMPLETE.  0 WARNING(S),  0 ERROR(S)
