C51 COMPILER V9.54   SEG                                                                   02/16/2025 11:06:28 PAGE 1   


C51 COMPILER V9.54, COMPILATION OF MODULE SEG
OBJECT MODULE PLACED IN .\Objects\Seg.obj
COMPILER INVOKED BY: E:\C51\BIN\C51.EXE Seg.c OPTIMIZE(8,SPEED) BROWSE DEBUG OBJECTEXTEND PRINT(.\Listings\Seg.lst) TABS
                    -(2) OBJECT(.\Objects\Seg.obj)

line level    source

   1          #include <stc15f2k60s2.h>
   2          #include "Seg.h"
   3           
   4          code unsigned char Seg_Table[] =
   5          {
   6              0xc0, //0 1010 0000
   7              0xf9, //1
   8              0xa4, //2
   9              0xb0, //3
  10              0x99, //4
  11              0x92, //5
  12              0x82, //6
  13              0xf8, //7
  14              0x80, //8
  15              0x90, //9
  16              0xff, //熄灭
  17              0xbf, //-
  18              0x88, //A
  19              0x83, //b
  20              0xc6, //C
  21              0xa1, //d
  22              0x86, //E
  23              0x8e  //F
  24          };
  25           
  26          void Seg_Show(unsigned char addr, Table, Point)
  27          {
  28   1          P0 = 0xff;                  //消影
  29   1          P2 = P2 & 0x1f | 0xe0;
  30   1          P2 &= 0x1f;
  31   1          
  32   1          P0 = 0x01 << addr;          //位选
  33   1          P2 = P2 & 0x1f | 0xc0;
  34   1          P2 &= 0x1f;
  35   1          
  36   1          P0 = Seg_Table[Table];      //段选
  37   1          if (Point)
  38   1              P0 &= 0x7f;             //小数点
  39   1          P2 = P2 & 0x1f | 0xe0;
  40   1          P2 &= 0x1f;
  41   1      }


MODULE INFORMATION:   STATIC OVERLAYABLE
   CODE SIZE        =     71    ----
   CONSTANT SIZE    =     18    ----
   XDATA SIZE       =   ----    ----
   PDATA SIZE       =   ----    ----
   DATA SIZE        =   ----    ----
   IDATA SIZE       =   ----    ----
   BIT SIZE         =   ----    ----
END OF MODULE INFORMATION.


C51 COMPILATION COMPLETE.  0 WARNING(S),  0 ERROR(S)
