C51 COMPILER V9.54   ULTRASONIC                                                            02/17/2025 21:54:06 PAGE 1   


C51 COMPILER V9.54, COMPILATION OF MODULE ULTRASONIC
OBJECT MODULE PLACED IN .\Objects\ultrasonic.obj
COMPILER INVOKED BY: E:\C51\BIN\C51.EXE ultrasonic.c OPTIMIZE(8,SPEED) BROWSE DEBUG OBJECTEXTEND PRINT(.\Listings\ultras
                    -onic.lst) TABS(2) OBJECT(.\Objects\ultrasonic.obj)

line level    source

   1          
   2          #include <stc15f2k60s2.h>
   3          #include <intrins.h>
   4          #include <Init.h>
   5          sbit TX = P1^0;
   6          sbit RX = P1^1;
   7          
   8          
   9          // 产生8个40kHz超声波信号
  10          void Send_wave() {
  11   1          unsigned char i;
  12   1          for (i = 0; i < 8; i++) {
  13   2              TX = 1;
  14   2              Delay12us();
  15   2              TX = 0;
  16   2              Delay12us();
  17   2          }
  18   1      }
  19          
  20          // 超声波测距函数
  21          unsigned int Measure_Distance() {
  22   1          unsigned int time = 0;
  23   1          TMOD &= 0x0F;  // 定时器1模式0，13位，最大8192个计数脉冲
  24   1          TH1 = 0x00;
  25   1          TL1 = 0x00;
  26   1      
  27   1          Send_wave();  // 发送超声波信号
  28   1          TR1 = 1;      // 启动定时器
  29   1      
  30   1          while ((RX == 1) && (TF1 == 0));  // 等待超声波信号返回或者等到测量超出范围
  31   1          TR1 = 0;  // 停止定时器
  32   1      
  33   1          if (TF1 == 0) {  // 正常测量范围
  34   2              time = TH1;
  35   2              time = (time << 8) | TL1;
  36   2              return ((time / 10) * 17) / 100 + 3;
  37   2          } else {  // 超出测量范围
  38   2              TF1 = 0;
  39   2              return 999;
  40   2          }
  41   1      }


MODULE INFORMATION:   STATIC OVERLAYABLE
   CODE SIZE        =    104    ----
   CONSTANT SIZE    =   ----    ----
   XDATA SIZE       =   ----    ----
   PDATA SIZE       =   ----    ----
   DATA SIZE        =   ----       3
   IDATA SIZE       =   ----    ----
   BIT SIZE         =   ----    ----
END OF MODULE INFORMATION.


C51 COMPILATION COMPLETE.  0 WARNING(S),  0 ERROR(S)
