C51 COMPILER V9.54   WAVE_MEASURE                                                          02/17/2025 21:44:21 PAGE 1   


C51 COMPILER V9.54, COMPILATION OF MODULE WAVE_MEASURE
OBJECT MODULE PLACED IN .\Objects\Wave_Measure.obj
COMPILER INVOKED BY: E:\C51\BIN\C51.EXE Wave_Measure.c OPTIMIZE(8,SPEED) BROWSE DEBUG OBJECTEXTEND PRINT(.\Listings\Wave
                    -_Measure.lst) TABS(2) OBJECT(.\Objects\Wave_Measure.obj)

line level    source

   1          #include "Wave_Mesure.h"
*** WARNING C318 IN LINE 1 OF Wave_Measure.c: can't open file 'Wave_Mesure.h'
   2          
   3          // 延时12us函数
   4          void delay12us() {
   5   1          unsigned char i;
   6   1          _nop_();
*** WARNING C206 IN LINE 6 OF Wave_Measure.c: '_nop_': missing function-prototype
*** ERROR C264 IN LINE 6 OF Wave_Measure.c: intrinsic '_nop_': declaration/activation error
   7   1          _nop_();
   8   1          i = 33;
   9   1          while (--i);
  10   1      }
  11          
  12          // 产生8个40kHz超声波信号
  13          void Send_wave() {
  14   1          unsigned char i;
  15   1          for (i = 0; i < 8; i++) {
  16   2              TX = 1;
*** ERROR C202 IN LINE 16 OF Wave_Measure.c: 'TX': undefined identifier
  17   2              delay12us();
  18   2              TX = 0;
*** ERROR C202 IN LINE 18 OF Wave_Measure.c: 'TX': undefined identifier
  19   2              delay12us();
  20   2          }
  21   1      }
  22          
  23          // 超声波测距函数
  24          unsigned int Measure_Distance() {
  25   1          unsigned int time = 0;
  26   1          TMOD &= 0x0F;  // 定时器1模式0，13位，最大8192个计数脉冲
*** ERROR C202 IN LINE 26 OF Wave_Measure.c: 'TMOD': undefined identifier
  27   1          TH1 = 0x00;
*** ERROR C202 IN LINE 27 OF Wave_Measure.c: 'TH1': undefined identifier
  28   1          TL1 = 0x00;
*** ERROR C202 IN LINE 28 OF Wave_Measure.c: 'TL1': undefined identifier
  29   1      
  30   1          Send_wave();  // 发送超声波信号
  31   1          TR1 = 1;      // 启动定时器
*** ERROR C202 IN LINE 31 OF Wave_Measure.c: 'TR1': undefined identifier
  32   1      
  33   1          while ((RX == 1) && (TF1 == 0));  // 等待超声波信号返回或者等到测量超出范围
*** ERROR C202 IN LINE 33 OF Wave_Measure.c: 'RX': undefined identifier
  34   1          TR1 = 0;  // 停止定时器
*** ERROR C202 IN LINE 34 OF Wave_Measure.c: 'TR1': undefined identifier
  35   1      
  36   1          if (TF1 == 0) {  // 正常测量范围
*** ERROR C202 IN LINE 36 OF Wave_Measure.c: 'TF1': undefined identifier
  37   2              time = TH1;
*** ERROR C202 IN LINE 37 OF Wave_Measure.c: 'TH1': undefined identifier
  38   2              time = (time << 8) | TL1;
*** ERROR C202 IN LINE 38 OF Wave_Measure.c: 'TL1': undefined identifier
  39   2              return ((time / 10) * 17) / 100 + 3;
  40   2          } else {  // 超出测量范围
C51 COMPILER V9.54   WAVE_MEASURE                                                          02/17/2025 21:44:21 PAGE 2   

  41   2              TF1 = 0;
*** ERROR C202 IN LINE 41 OF Wave_Measure.c: 'TF1': undefined identifier
  42   2              return 999;
  43   2          }
  44   1      }

C51 COMPILATION COMPLETE.  2 WARNING(S),  13 ERROR(S)
